Arguments: 
  D:\Program Files\nodejs\node.exe C:\Users\hasee\AppData\Roaming\npm\node_modules\yarn\bin\yarn.js install

PATH: 
  F:\Xftp 6\;F:\xshell\;C:\Program Files (x86)\Common Files\Intel\Shared Libraries\redist\intel64\compiler;C:\ProgramData\Oracle\Java\javapath;D:\jdk\bin;C:\WINDOWS\system32;C:\WINDOWS;C:\WINDOWS\System32\Wbem;C:\WINDOWS\System32\WindowsPowerShell\v1.0\;C:\Program Files\Microsoft SQL Server\130\Tools\Binn\;C:\Program Files (x86)\NVIDIA Corporation\PhysX\Common;D:\计算机网络\wireshark及wget\wget-1.17.1-win64;C:\Program Files (x86)\GtkSharp\2.12\bin;C:\WINDOWS\system32;C:\WINDOWS;C:\WINDOWS\System32\Wbem;C:\WINDOWS\System32\WindowsPowerShell\v1.0\;C:\WINDOWS\System32\OpenSSH\;C:\Users\hasee\AppData\Local\Programs\Python\Python36-32;D:\Git\cmd;D:\TRUFFLE\WINDOWSBAT;D:\Python27;D:\gradle-4.10.3-bin\gradle-4.10.3\bin;D:\jdk\apache-maven-3.6.0-bin\apache-maven-3.6.0\bin\;C:\strawberry\c\bin;C:\strawberry\perl\bin;C:\Program Files (x86)\Common Files\Thunder Network\KanKan\Codecs;D:\AndroidSd\sdk\platform-tools;D:\AndroidSd\sdk\build-tools;;C:\Program Files\NVIDIA Corporation\NVIDIA NvDLISR;C:\Program Files\Docker\Docker\resources\bin;C:\ProgramData\DockerDesktop\version-bin;D:\Program Files\nodejs\;F:\Bandizip\;C:\Users\hasee\AppData\Local\GitHubDesktop\bin;C:\Users\hasee\AppData\Local\Microsoft\WindowsApps;C:\Users\hasee\AppData\Local\Programs\Python\Python36-32;C:\Users\hasee\AppData\Local\Pandoc\;F:\Microsoft VS Code\bin;C:\Users\hasee\AppData\Roaming\npm

Yarn version: 
  1.22.4

Node version: 
  12.16.1

Platform: 
  win32 x64

Trace: 
  SyntaxError: D:\开发实践\AchieveIt\server\package.json: Unexpected token < in JSON at position 456
      at JSON.parse (<anonymous>)
      at C:\Users\hasee\AppData\Roaming\npm\node_modules\yarn\lib\cli.js:1625:59
      at Generator.next (<anonymous>)
      at step (C:\Users\hasee\AppData\Roaming\npm\node_modules\yarn\lib\cli.js:310:30)
      at C:\Users\hasee\AppData\Roaming\npm\node_modules\yarn\lib\cli.js:321:13

npm manifest: 
  {
    "name": "achieve-it-server",
    "version": "0.0.1",
    "main": "./src/index.ts",
    "private": true,
    "license": "MIT",
    "dependencies": {
      "body-parser": "^1.19.0",
      "chai": "^4.2.0",
      "cors": "^2.8.5",
      "express": "^4.17.1",
      "express-jwt": "^5.3.1",
      "husky": "^4.2.3",
      "jsonwebtoken": "^8.5.1",
      "mocha": "^7.1.1",
      "mysql": "^2.18.1",
      "nodemailer": "^6.4.6",
      "prettier": "^1.19.1",
      "pretty-quick": "^2.0.1",
  <<<<<<< HEAD
      "sendcloud": "^1.6.3"
  =======
      "sendcloud": "^1.6.3",
      "superagent": "^5.2.2"
  >>>>>>> 165edd2302202c3f144c43e29eb8f0b1264294f5
    },
    "devDependencies": {
      "@types/express": "^4.17.3",
      "achieve-it-contract": "0.0.1",
  <<<<<<< HEAD
  =======
      "babel-core": "~6.2.1",
      "babel-preset-es2015": "~6.1.18",
      "chai": "~3.4.1",
      "mocha": "~2.3.4",
      "mochawesome": "~1.2.1",
  >>>>>>> 165edd2302202c3f144c43e29eb8f0b1264294f5
      "nodemon": "^2.0.2",
      "sucrase": "^3.12.1"
    },
    "scripts": {
      "build": "sucrase src  -d ./dist --transforms typescript,imports",
      "start": "nodemon -e ts --watch src --exec \"sucrase-node ./src/index.ts\"",
      "test": "echo \"Error: no test specified\" && exit 1"
    },
    "husky": {
      "hooks": {
        "pre-commit": "pretty-quick --staged"
      }
    }
  }

yarn manifest: 
  No manifest

Lockfile: 
  No lockfile
